Info: Starting: Create block symbol file (.bsf)
Info: ip-generate --project-directory=/home/pwner/school/emb_proj/nios/ --output-directory=/home/pwner/school/emb_proj/nios/nios_sys/ --report-file=bsf:/home/pwner/school/emb_proj/nios/nios_sys.bsf --system-info=DEVICE_FAMILY="Cyclone II" --system-info=DEVICE=EP2C20F484C7 --system-info=DEVICE_SPEEDGRADE=7 --component-file=/home/pwner/school/emb_proj/nios/nios_sys.qsys
Progress: Loading nios/nios_sys.qsys
Progress: Reading input file
Progress: Adding nios2_qsys_0 [altera_nios2_qsys 12.0]
Progress: Parameterizing module nios2_qsys_0
Progress: Adding onchip_memory2_0 [altera_avalon_onchip_memory2 12.0]
Progress: Parameterizing module onchip_memory2_0
Progress: Adding jtag_uart_0 [altera_avalon_jtag_uart 12.0]
Progress: Parameterizing module jtag_uart_0
Progress: Adding timer_0 [altera_avalon_timer 12.0]
Progress: Parameterizing module timer_0
Progress: Adding sdram_0 [altera_avalon_new_sdram_controller 12.0]
Progress: Parameterizing module sdram_0
Progress: Adding altpll_0 [altpll 12.0]
Progress: Parameterizing module altpll_0
Progress: Adding HEX0 [altera_avalon_pio 12.0]
Progress: Parameterizing module HEX0
Progress: Adding HEX1 [altera_avalon_pio 12.0]
Progress: Parameterizing module HEX1
Progress: Adding HEX2 [altera_avalon_pio 12.0]
Progress: Parameterizing module HEX2
Progress: Adding HEX3 [altera_avalon_pio 12.0]
Progress: Parameterizing module HEX3
Progress: Adding green_leds [altera_avalon_pio 12.0]
Progress: Parameterizing module green_leds
Progress: Adding clock_bridge_0 [altera_clock_bridge 12.0]
Progress: Parameterizing module clock_bridge_0
Progress: Building connections
Progress: Parameterizing connections
Progress: Validating
Progress: Done reading input file
Info: nios_sys.onchip_memory2_0: Memory will be initialized from onchip_memory2_0.hex
Warning: nios_sys.altpll_0: altpll_0.areset_conduit must be exported, or connected to a matching conduit.
Warning: nios_sys.altpll_0: altpll_0.locked_conduit must be exported, or connected to a matching conduit.
Warning: nios_sys.altpll_0: altpll_0.phasedone_conduit must be exported, or connected to a matching conduit.
Info: ip-generate succeeded.
Info: Finished: Create block symbol file (.bsf)
Info: 
Info: Starting: Create HDL design files for synthesis
Info: ip-generate --project-directory=/home/pwner/school/emb_proj/nios/ --output-directory=/home/pwner/school/emb_proj/nios/nios_sys/synthesis/ --file-set=QUARTUS_SYNTH --report-file=sopcinfo:/home/pwner/school/emb_proj/nios/nios_sys.sopcinfo --report-file=html:/home/pwner/school/emb_proj/nios/nios_sys.html --report-file=qip:/home/pwner/school/emb_proj/nios/nios_sys/synthesis/nios_sys.qip --system-info=DEVICE_FAMILY="Cyclone II" --system-info=DEVICE=EP2C20F484C7 --system-info=DEVICE_SPEEDGRADE=7 --component-file=/home/pwner/school/emb_proj/nios/nios_sys.qsys
Progress: Loading nios/nios_sys.qsys
Progress: Reading input file
Progress: Adding nios2_qsys_0 [altera_nios2_qsys 12.0]
Progress: Parameterizing module nios2_qsys_0
Progress: Adding onchip_memory2_0 [altera_avalon_onchip_memory2 12.0]
Progress: Parameterizing module onchip_memory2_0
Progress: Adding jtag_uart_0 [altera_avalon_jtag_uart 12.0]
Progress: Parameterizing module jtag_uart_0
Progress: Adding timer_0 [altera_avalon_timer 12.0]
Progress: Parameterizing module timer_0
Progress: Adding sdram_0 [altera_avalon_new_sdram_controller 12.0]
Progress: Parameterizing module sdram_0
Progress: Adding altpll_0 [altpll 12.0]
Progress: Parameterizing module altpll_0
Progress: Adding HEX0 [altera_avalon_pio 12.0]
Progress: Parameterizing module HEX0
Progress: Adding HEX1 [altera_avalon_pio 12.0]
Progress: Parameterizing module HEX1
Progress: Adding HEX2 [altera_avalon_pio 12.0]
Progress: Parameterizing module HEX2
Progress: Adding HEX3 [altera_avalon_pio 12.0]
Progress: Parameterizing module HEX3
Progress: Adding green_leds [altera_avalon_pio 12.0]
Progress: Parameterizing module green_leds
Progress: Adding clock_bridge_0 [altera_clock_bridge 12.0]
Progress: Parameterizing module clock_bridge_0
Progress: Building connections
Progress: Parameterizing connections
Progress: Validating
Progress: Done reading input file
Info: nios_sys.onchip_memory2_0: Memory will be initialized from onchip_memory2_0.hex
Warning: nios_sys.altpll_0: altpll_0.areset_conduit must be exported, or connected to a matching conduit.
Warning: nios_sys.altpll_0: altpll_0.locked_conduit must be exported, or connected to a matching conduit.
Warning: nios_sys.altpll_0: altpll_0.phasedone_conduit must be exported, or connected to a matching conduit.
Info: nios_sys: Generating nios_sys "nios_sys" for QUARTUS_SYNTH
Info: pipeline_bridge_swap_transform: After transform: 12 modules, 38 connections
Info: No custom instruction connections, skipping transform 
Info: merlin_translator_transform: After transform: 25 modules, 76 connections
Info: merlin_domain_transform: After transform: 51 modules, 208 connections
Info: merlin_router_transform: After transform: 64 modules, 246 connections
Info: merlin_burst_transform: After transform: 65 modules, 249 connections
Warning: Cannot find clock for altpll_0.inclk_interface. If altpll_0.inclk_interface is exported please use a clock bridge and reset bridge instead of a clock source. Reset synchronizer, rst_controller_001, may not function if not connected to a clock source. To rectify this error a clock must be manually attached to the clock port of rst_controller_001 in the generated RTL.
Info: reset_adaptation_transform: After transform: 67 modules, 252 connections
Info: merlin_network_to_switch_transform: After transform: 92 modules, 305 connections
Info: merlin_width_transform: After transform: 94 modules, 311 connections
Info: Inserting clock-crossing logic between cmd_xbar_demux.src1 and cmd_xbar_mux_001.sink0
Info: Inserting clock-crossing logic between cmd_xbar_demux_001.src1 and cmd_xbar_mux_001.sink1
Info: Inserting clock-crossing logic between cmd_xbar_demux_001.src5 and cmd_xbar_mux_005.sink0
Info: Inserting clock-crossing logic between rsp_xbar_demux_001.src0 and rsp_xbar_mux.sink1
Info: Inserting clock-crossing logic between rsp_xbar_demux_001.src1 and rsp_xbar_mux_001.sink1
Info: Inserting clock-crossing logic between rsp_xbar_demux_005.src0 and rsp_xbar_mux_001.sink5
Info: com_altera_sopcmodel_transforms_avalon_ClockCrossingTransform: After transform: 100 modules, 339 connections
Info: merlin_interrupt_mapper_transform: After transform: 101 modules, 342 connections
Info: nios2_qsys_0: Starting RTL generation for module 'nios_sys_nios2_qsys_0'
Info: nios2_qsys_0:   Generation command is [exec /opt/altera/quartus/../ip/altera/nios2_ip/altera_nios2/eperl -I /opt/altera/quartus/common/ip/altera/common/perl/5.8.3 -I /opt/altera/quartus/sopc_builder/bin/europa -I /opt/altera/quartus/sopc_builder/bin/perl_lib -I /opt/altera/quartus/sopc_builder/bin -I /opt/altera/quartus/../ip/altera/nios2_ip/altera_nios2/cpu_lib -I /opt/altera/quartus/../ip/altera/nios2_ip/altera_nios2/nios_lib -I /opt/altera/quartus/../ip/altera/nios2_ip/altera_nios2 -I /opt/altera/quartus/../ip/altera/nios2_ip/altera_nios2 -- /opt/altera/quartus/../ip/altera/nios2_ip/altera_nios2/generate_rtl.epl --name=nios_sys_nios2_qsys_0 --dir=/tmp/alt5636_7870703195788427526.dir/0001_nios2_qsys_0_gen/ --quartus_dir=/opt/altera/quartus --verilog --config=/tmp/alt5636_7870703195788427526.dir/0001_nios2_qsys_0_gen//nios_sys_nios2_qsys_0_processor_configuration.pl  --do_build_sim=0    --bogus  ]
Info: nios2_qsys_0: # 2012.10.22 22:24:34 (*) Starting Nios II generation
Info: nios2_qsys_0: # 2012.10.22 22:24:34 (*)   No license required to generate encrypted Nios II/e.
Info: nios2_qsys_0: # 2012.10.22 22:24:34 (*)   Elaborating CPU configuration settings
Info: nios2_qsys_0: # 2012.10.22 22:24:34 (*)   Creating all objects for CPU
Info: nios2_qsys_0: # 2012.10.22 22:24:37 (*)   Generating RTL from CPU objects
Info: nios2_qsys_0: # 2012.10.22 22:24:37 (*)   Creating plain-text RTL
Info: nios2_qsys_0: # 2012.10.22 22:24:39 (*) Done Nios II generation
Info: nios2_qsys_0: Done RTL generation for module 'nios_sys_nios2_qsys_0'
Info: nios2_qsys_0: "nios_sys" instantiated altera_nios2_qsys "nios2_qsys_0"
Info: Starting classic module elaboration.
"/opt/altera/quartus/linux/jre/bin/java" -Xmx512M -classpath "/opt/altera/quartus/sopc_builder/bin/sopc_builder.jar:/opt/altera/quartus/sopc_builder/bin/PinAssigner.jar:/opt/altera/quartus/sopc_builder/bin/sopc_wizard.jar:/opt/altera/quartus/sopc_builder/bin/jptf.jar" sopc_builder.sopc_builder  -d"/opt/altera/quartus/sopc_builder" -notalkback=1 -projectnameyysystem.qpf -projectpath/tmp/alt5636_7870703195788427526.dir/0002_sopclgen  --no_splash --refresh /tmp/alt5636_7870703195788427526.dir/0002_sopclgen/yysystem.v --quartus_dir="/opt/altera/quartus" --sopc_perl="/opt/altera/quartus/linux/perl" --sopc_lib_path="++/opt/altera/quartus/../ip/altera/sopc_builder_ip+/opt/altera/quartus/../ip/altera/nios2_ip"
Info: Finished elaborating classic module.
Executing: /opt/altera/quartus//sopc_builder/bin/sopc_builder --classic --generate /tmp/alt5636_7870703195788427526.dir/0002_sopclgen/yysystem.ptf
Info: Running sopc_builder...
"/opt/altera/quartus//linux/jre/bin/java" -Xmx512M -classpath "/opt/altera/quartus//sopc_builder/bin/sopc_builder.jar:/opt/altera/quartus//sopc_builder/bin/PinAssigner.jar:/opt/altera/quartus//sopc_builder/bin/sopc_wizard.jar:/opt/altera/quartus//sopc_builder/bin/jptf.jar" sopc_builder.sopc_builder  -d"/opt/altera/quartus//sopc_builder" -notalkback=1 -projectnameyysystem.qpf -projectpath/tmp/alt5636_7870703195788427526.dir/0002_sopclgen  --generate /tmp/alt5636_7870703195788427526.dir/0002_sopclgen/yysystem.v --quartus_dir="/opt/altera/quartus/" --sopc_perl="/opt/altera/quartus//linux/perl" --sopc_lib_path="++/opt/altera/quartus//../ip/altera/sopc_builder_ip+/opt/altera/quartus//../ip/altera/nios2_ip"
.
# 2012.10.22 22:24:50 (*) Success: sopc_builder finished.
Info: onchip_memory2_0: "nios_sys" instantiated altera_avalon_onchip_memory2 "onchip_memory2_0"
Info: Starting classic module elaboration.
"/opt/altera/quartus/linux/jre/bin/java" -Xmx512M -classpath "/opt/altera/quartus/sopc_builder/bin/sopc_builder.jar:/opt/altera/quartus/sopc_builder/bin/PinAssigner.jar:/opt/altera/quartus/sopc_builder/bin/sopc_wizard.jar:/opt/altera/quartus/sopc_builder/bin/jptf.jar" sopc_builder.sopc_builder  -d"/opt/altera/quartus/sopc_builder" -notalkback=1 -projectnameyysystem.qpf -projectpath/tmp/alt5636_7870703195788427526.dir/0003_sopclgen  --no_splash --refresh /tmp/alt5636_7870703195788427526.dir/0003_sopclgen/yysystem.v --quartus_dir="/opt/altera/quartus" --sopc_perl="/opt/altera/quartus/linux/perl" --sopc_lib_path="++/opt/altera/quartus/../ip/altera/sopc_builder_ip+/opt/altera/quartus/../ip/altera/nios2_ip"
Info: Finished elaborating classic module.
Executing: /opt/altera/quartus//sopc_builder/bin/sopc_builder --classic --generate /tmp/alt5636_7870703195788427526.dir/0003_sopclgen/yysystem.ptf
Info: Running sopc_builder...
"/opt/altera/quartus//linux/jre/bin/java" -Xmx512M -classpath "/opt/altera/quartus//sopc_builder/bin/sopc_builder.jar:/opt/altera/quartus//sopc_builder/bin/PinAssigner.jar:/opt/altera/quartus//sopc_builder/bin/sopc_wizard.jar:/opt/altera/quartus//sopc_builder/bin/jptf.jar" sopc_builder.sopc_builder  -d"/opt/altera/quartus//sopc_builder" -notalkback=1 -projectnameyysystem.qpf -projectpath/tmp/alt5636_7870703195788427526.dir/0003_sopclgen  --generate /tmp/alt5636_7870703195788427526.dir/0003_sopclgen/yysystem.v --quartus_dir="/opt/altera/quartus/" --sopc_perl="/opt/altera/quartus//linux/perl" --sopc_lib_path="++/opt/altera/quartus//../ip/altera/sopc_builder_ip+/opt/altera/quartus//../ip/altera/nios2_ip"
.
# 2012.10.22 22:25:00 (*) Success: sopc_builder finished.
Info: jtag_uart_0: "nios_sys" instantiated altera_avalon_jtag_uart "jtag_uart_0"
Info: Starting classic module elaboration.
"/opt/altera/quartus/linux/jre/bin/java" -Xmx512M -classpath "/opt/altera/quartus/sopc_builder/bin/sopc_builder.jar:/opt/altera/quartus/sopc_builder/bin/PinAssigner.jar:/opt/altera/quartus/sopc_builder/bin/sopc_wizard.jar:/opt/altera/quartus/sopc_builder/bin/jptf.jar" sopc_builder.sopc_builder  -d"/opt/altera/quartus/sopc_builder" -notalkback=1 -projectnameyysystem.qpf -projectpath/tmp/alt5636_7870703195788427526.dir/0004_sopclgen  --no_splash --refresh /tmp/alt5636_7870703195788427526.dir/0004_sopclgen/yysystem.v --quartus_dir="/opt/altera/quartus" --sopc_perl="/opt/altera/quartus/linux/perl" --sopc_lib_path="++/opt/altera/quartus/../ip/altera/sopc_builder_ip+/opt/altera/quartus/../ip/altera/nios2_ip"
Info: Finished elaborating classic module.
Executing: /opt/altera/quartus//sopc_builder/bin/sopc_builder --classic --generate /tmp/alt5636_7870703195788427526.dir/0004_sopclgen/yysystem.ptf
Info: Running sopc_builder...
"/opt/altera/quartus//linux/jre/bin/java" -Xmx512M -classpath "/opt/altera/quartus//sopc_builder/bin/sopc_builder.jar:/opt/altera/quartus//sopc_builder/bin/PinAssigner.jar:/opt/altera/quartus//sopc_builder/bin/sopc_wizard.jar:/opt/altera/quartus//sopc_builder/bin/jptf.jar" sopc_builder.sopc_builder  -d"/opt/altera/quartus//sopc_builder" -notalkback=1 -projectnameyysystem.qpf -projectpath/tmp/alt5636_7870703195788427526.dir/0004_sopclgen  --generate /tmp/alt5636_7870703195788427526.dir/0004_sopclgen/yysystem.v --quartus_dir="/opt/altera/quartus/" --sopc_perl="/opt/altera/quartus//linux/perl" --sopc_lib_path="++/opt/altera/quartus//../ip/altera/sopc_builder_ip+/opt/altera/quartus//../ip/altera/nios2_ip"
.
# 2012.10.22 22:25:09 (*) Success: sopc_builder finished.
Info: timer_0: "nios_sys" instantiated altera_avalon_timer "timer_0"
Info: Starting classic module elaboration.
"/opt/altera/quartus/linux/jre/bin/java" -Xmx512M -classpath "/opt/altera/quartus/sopc_builder/bin/sopc_builder.jar:/opt/altera/quartus/sopc_builder/bin/PinAssigner.jar:/opt/altera/quartus/sopc_builder/bin/sopc_wizard.jar:/opt/altera/quartus/sopc_builder/bin/jptf.jar" sopc_builder.sopc_builder  -d"/opt/altera/quartus/sopc_builder" -notalkback=1 -projectnameyysystem.qpf -projectpath/tmp/alt5636_7870703195788427526.dir/0005_sopclgen  --no_splash --refresh /tmp/alt5636_7870703195788427526.dir/0005_sopclgen/yysystem.v --quartus_dir="/opt/altera/quartus" --sopc_perl="/opt/altera/quartus/linux/perl" --sopc_lib_path="++/opt/altera/quartus/../ip/altera/sopc_builder_ip+/opt/altera/quartus/../ip/altera/nios2_ip"
Info: Finished elaborating classic module.
Executing: /opt/altera/quartus//sopc_builder/bin/sopc_builder --classic --generate /tmp/alt5636_7870703195788427526.dir/0005_sopclgen/yysystem.ptf
Info: Running sopc_builder...
"/opt/altera/quartus//linux/jre/bin/java" -Xmx512M -classpath "/opt/altera/quartus//sopc_builder/bin/sopc_builder.jar:/opt/altera/quartus//sopc_builder/bin/PinAssigner.jar:/opt/altera/quartus//sopc_builder/bin/sopc_wizard.jar:/opt/altera/quartus//sopc_builder/bin/jptf.jar" sopc_builder.sopc_builder  -d"/opt/altera/quartus//sopc_builder" -notalkback=1 -projectnameyysystem.qpf -projectpath/tmp/alt5636_7870703195788427526.dir/0005_sopclgen  --generate /tmp/alt5636_7870703195788427526.dir/0005_sopclgen/yysystem.v --quartus_dir="/opt/altera/quartus/" --sopc_perl="/opt/altera/quartus//linux/perl" --sopc_lib_path="++/opt/altera/quartus//../ip/altera/sopc_builder_ip+/opt/altera/quartus//../ip/altera/nios2_ip"
.
.
# 2012.10.22 22:25:18 (*) Running Test Generator Program for nios_sys_sdram_0
# 2012.10.22 22:25:20 (*) Success: sopc_builder finished.
Info: sdram_0: "nios_sys" instantiated altera_avalon_new_sdram_controller "sdram_0"
Info: altpll_0: "nios_sys" instantiated altpll "altpll_0"
Info: Starting classic module elaboration.
"/opt/altera/quartus/linux/jre/bin/java" -Xmx512M -classpath "/opt/altera/quartus/sopc_builder/bin/sopc_builder.jar:/opt/altera/quartus/sopc_builder/bin/PinAssigner.jar:/opt/altera/quartus/sopc_builder/bin/sopc_wizard.jar:/opt/altera/quartus/sopc_builder/bin/jptf.jar" sopc_builder.sopc_builder  -d"/opt/altera/quartus/sopc_builder" -notalkback=1 -projectnameyysystem.qpf -projectpath/tmp/alt5636_7870703195788427526.dir/0008_sopclgen  --no_splash --refresh /tmp/alt5636_7870703195788427526.dir/0008_sopclgen/yysystem.v --quartus_dir="/opt/altera/quartus" --sopc_perl="/opt/altera/quartus/linux/perl" --sopc_lib_path="++/opt/altera/quartus/../ip/altera/sopc_builder_ip+/opt/altera/quartus/../ip/altera/nios2_ip"
Info: Finished elaborating classic module.
Executing: /opt/altera/quartus//sopc_builder/bin/sopc_builder --classic --generate /tmp/alt5636_7870703195788427526.dir/0008_sopclgen/yysystem.ptf
Info: Running sopc_builder...
"/opt/altera/quartus//linux/jre/bin/java" -Xmx512M -classpath "/opt/altera/quartus//sopc_builder/bin/sopc_builder.jar:/opt/altera/quartus//sopc_builder/bin/PinAssigner.jar:/opt/altera/quartus//sopc_builder/bin/sopc_wizard.jar:/opt/altera/quartus//sopc_builder/bin/jptf.jar" sopc_builder.sopc_builder  -d"/opt/altera/quartus//sopc_builder" -notalkback=1 -projectnameyysystem.qpf -projectpath/tmp/alt5636_7870703195788427526.dir/0008_sopclgen  --generate /tmp/alt5636_7870703195788427526.dir/0008_sopclgen/yysystem.v --quartus_dir="/opt/altera/quartus/" --sopc_perl="/opt/altera/quartus//linux/perl" --sopc_lib_path="++/opt/altera/quartus//../ip/altera/sopc_builder_ip+/opt/altera/quartus//../ip/altera/nios2_ip"
.
# 2012.10.22 22:25:44 (*) Success: sopc_builder finished.
Info: HEX0: "nios_sys" instantiated altera_avalon_pio "HEX0"
Info: Starting classic module elaboration.
"/opt/altera/quartus/linux/jre/bin/java" -Xmx512M -classpath "/opt/altera/quartus/sopc_builder/bin/sopc_builder.jar:/opt/altera/quartus/sopc_builder/bin/PinAssigner.jar:/opt/altera/quartus/sopc_builder/bin/sopc_wizard.jar:/opt/altera/quartus/sopc_builder/bin/jptf.jar" sopc_builder.sopc_builder  -d"/opt/altera/quartus/sopc_builder" -notalkback=1 -projectnameyysystem.qpf -projectpath/tmp/alt5636_7870703195788427526.dir/0009_sopclgen  --no_splash --refresh /tmp/alt5636_7870703195788427526.dir/0009_sopclgen/yysystem.v --quartus_dir="/opt/altera/quartus" --sopc_perl="/opt/altera/quartus/linux/perl" --sopc_lib_path="++/opt/altera/quartus/../ip/altera/sopc_builder_ip+/opt/altera/quartus/../ip/altera/nios2_ip"
Info: Finished elaborating classic module.
Executing: /opt/altera/quartus//sopc_builder/bin/sopc_builder --classic --generate /tmp/alt5636_7870703195788427526.dir/0009_sopclgen/yysystem.ptf
Info: Running sopc_builder...
"/opt/altera/quartus//linux/jre/bin/java" -Xmx512M -classpath "/opt/altera/quartus//sopc_builder/bin/sopc_builder.jar:/opt/altera/quartus//sopc_builder/bin/PinAssigner.jar:/opt/altera/quartus//sopc_builder/bin/sopc_wizard.jar:/opt/altera/quartus//sopc_builder/bin/jptf.jar" sopc_builder.sopc_builder  -d"/opt/altera/quartus//sopc_builder" -notalkback=1 -projectnameyysystem.qpf -projectpath/tmp/alt5636_7870703195788427526.dir/0009_sopclgen  --generate /tmp/alt5636_7870703195788427526.dir/0009_sopclgen/yysystem.v --quartus_dir="/opt/altera/quartus/" --sopc_perl="/opt/altera/quartus//linux/perl" --sopc_lib_path="++/opt/altera/quartus//../ip/altera/sopc_builder_ip+/opt/altera/quartus//../ip/altera/nios2_ip"
.
# 2012.10.22 22:25:53 (*) Success: sopc_builder finished.
Info: green_leds: "nios_sys" instantiated altera_avalon_pio "green_leds"
Info: nios2_qsys_0_instruction_master_translator: "nios_sys" instantiated altera_merlin_master_translator "nios2_qsys_0_instruction_master_translator"
Info: onchip_memory2_0_s1_translator: "nios_sys" instantiated altera_merlin_slave_translator "onchip_memory2_0_s1_translator"
Info: nios2_qsys_0_instruction_master_translator_avalon_universal_master_0_agent: "nios_sys" instantiated altera_merlin_master_agent "nios2_qsys_0_instruction_master_translator_avalon_universal_master_0_agent"
Info: onchip_memory2_0_s1_translator_avalon_universal_slave_0_agent: "nios_sys" instantiated altera_merlin_slave_agent "onchip_memory2_0_s1_translator_avalon_universal_slave_0_agent"
Info: onchip_memory2_0_s1_translator_avalon_universal_slave_0_agent_rsp_fifo: "nios_sys" instantiated altera_avalon_sc_fifo "onchip_memory2_0_s1_translator_avalon_universal_slave_0_agent_rsp_fifo"
Info: addr_router: "nios_sys" instantiated altera_merlin_router "addr_router"
Info: addr_router_001: "nios_sys" instantiated altera_merlin_router "addr_router_001"
Info: id_router: "nios_sys" instantiated altera_merlin_router "id_router"
Info: id_router_001: "nios_sys" instantiated altera_merlin_router "id_router_001"
Info: id_router_003: "nios_sys" instantiated altera_merlin_router "id_router_003"
Info: burst_adapter: "nios_sys" instantiated altera_merlin_burst_adapter "burst_adapter"
Info: rst_controller: "nios_sys" instantiated altera_reset_controller "rst_controller"
Info: cmd_xbar_demux: "nios_sys" instantiated altera_merlin_demultiplexer "cmd_xbar_demux"
Info: cmd_xbar_demux_001: "nios_sys" instantiated altera_merlin_demultiplexer "cmd_xbar_demux_001"
Info: cmd_xbar_mux: "nios_sys" instantiated altera_merlin_multiplexer "cmd_xbar_mux"
Info: rsp_xbar_demux: "nios_sys" instantiated altera_merlin_demultiplexer "rsp_xbar_demux"
Info: rsp_xbar_demux_003: "nios_sys" instantiated altera_merlin_demultiplexer "rsp_xbar_demux_003"
Info: rsp_xbar_mux: "nios_sys" instantiated altera_merlin_multiplexer "rsp_xbar_mux"
Info: Reusing file /home/pwner/school/emb_proj/nios/nios_sys/synthesis/submodules/altera_merlin_arbitrator.sv
Info: rsp_xbar_mux_001: "nios_sys" instantiated altera_merlin_multiplexer "rsp_xbar_mux_001"
Info: Reusing file /home/pwner/school/emb_proj/nios/nios_sys/synthesis/submodules/altera_merlin_arbitrator.sv
Info: width_adapter: "nios_sys" instantiated altera_merlin_width_adapter "width_adapter"
Info: Reusing file /home/pwner/school/emb_proj/nios/nios_sys/synthesis/submodules/altera_merlin_burst_uncompressor.sv
Info: crosser: "nios_sys" instantiated altera_avalon_st_handshake_clock_crosser "crosser"
Info: irq_mapper: "nios_sys" instantiated altera_irq_mapper "irq_mapper"
Info: nios_sys: Done nios_sys" with 31 modules, 137 files, 2299831 bytes
Info: ip-generate succeeded.
Info: Finished: Create HDL design files for synthesis
