TimeQuest Timing Analyzer report for top
Tue Oct 23 02:36:21 2012
Quartus II 32-bit Version 12.0 Build 178 05/31/2012 SJ Web Edition


---------------------
; Table of Contents ;
---------------------
  1. Legal Notice
  2. TimeQuest Timing Analyzer Summary
  3. Parallel Compilation
  4. Clocks
  5. Slow Model Fmax Summary
  6. Slow Model Setup Summary
  7. Slow Model Hold Summary
  8. Slow Model Recovery Summary
  9. Slow Model Removal Summary
 10. Slow Model Minimum Pulse Width Summary
 11. Slow Model Minimum Pulse Width: 'altera_reserved_tck'
 12. Propagation Delay
 13. Minimum Propagation Delay
 14. Fast Model Setup Summary
 15. Fast Model Hold Summary
 16. Fast Model Recovery Summary
 17. Fast Model Removal Summary
 18. Fast Model Minimum Pulse Width Summary
 19. Fast Model Minimum Pulse Width: 'altera_reserved_tck'
 20. Propagation Delay
 21. Minimum Propagation Delay
 22. Multicorner Timing Analysis Summary
 23. Progagation Delay
 24. Minimum Progagation Delay
 25. Clock Transfers
 26. Report TCCS
 27. Report RSKM
 28. Unconstrained Paths
 29. TimeQuest Timing Analyzer Messages



----------------
; Legal Notice ;
----------------
Copyright (C) 1991-2012 Altera Corporation
Your use of Altera Corporation's design tools, logic functions 
and other software and tools, and its AMPP partner logic 
functions, and any output files from any of the foregoing 
(including device programming or simulation files), and any 
associated documentation or information are expressly subject 
to the terms and conditions of the Altera Program License 
Subscription Agreement, Altera MegaCore Function License 
Agreement, or other applicable license agreement, including, 
without limitation, that your use is for the sole purpose of 
programming logic devices manufactured by Altera and sold by 
Altera or its authorized distributors.  Please refer to the 
applicable agreement for further details.



+-----------------------------------------------------------------------+
; TimeQuest Timing Analyzer Summary                                     ;
+--------------------+--------------------------------------------------+
; Quartus II Version ; Version 12.0 Build 178 05/31/2012 SJ Web Edition ;
; Revision Name      ; top                                              ;
; Device Family      ; Cyclone II                                       ;
; Device Name        ; EP2C20F484C7                                     ;
; Timing Models      ; Final                                            ;
; Delay Model        ; Combined                                         ;
; Rise/Fall Delays   ; Unavailable                                      ;
+--------------------+--------------------------------------------------+


Parallel compilation was disabled, but you have multiple processors available. Enable parallel compilation to reduce compilation time.
+-------------------------------------+
; Parallel Compilation                ;
+----------------------------+--------+
; Processors                 ; Number ;
+----------------------------+--------+
; Number detected on machine ; 2      ;
; Maximum allowed            ; 1      ;
+----------------------------+--------+


+-----------------------------------------------------------------------------------------------------------------------------------------------------------------------------------------------------------+
; Clocks                                                                                                                                                                                                    ;
+---------------------+------+---------+-----------+-------+--------+------------+-----------+-------------+-------+--------+-----------+------------+----------+--------+--------+-------------------------+
; Clock Name          ; Type ; Period  ; Frequency ; Rise  ; Fall   ; Duty Cycle ; Divide by ; Multiply by ; Phase ; Offset ; Edge List ; Edge Shift ; Inverted ; Master ; Source ; Targets                 ;
+---------------------+------+---------+-----------+-------+--------+------------+-----------+-------------+-------+--------+-----------+------------+----------+--------+--------+-------------------------+
; altera_reserved_tck ; Base ; 100.000 ; 10.0 MHz  ; 0.000 ; 50.000 ;            ;           ;             ;       ;        ;           ;            ;          ;        ;        ; { altera_reserved_tck } ;
+---------------------+------+---------+-----------+-------+--------+------------+-----------+-------------+-------+--------+-----------+------------+----------+--------+--------+-------------------------+


---------------------------
; Slow Model Fmax Summary ;
---------------------------
No paths to report.


----------------------------
; Slow Model Setup Summary ;
----------------------------
No paths to report.


---------------------------
; Slow Model Hold Summary ;
---------------------------
No paths to report.


-------------------------------
; Slow Model Recovery Summary ;
-------------------------------
No paths to report.


------------------------------
; Slow Model Removal Summary ;
------------------------------
No paths to report.


+----------------------------------------------+
; Slow Model Minimum Pulse Width Summary       ;
+---------------------+--------+---------------+
; Clock               ; Slack  ; End Point TNS ;
+---------------------+--------+---------------+
; altera_reserved_tck ; 97.531 ; 0.000         ;
+---------------------+--------+---------------+


+-------------------------------------------------------------------------------------------------------------+
; Slow Model Minimum Pulse Width: 'altera_reserved_tck'                                                       ;
+--------+--------------+----------------+-----------+---------------------+------------+---------------------+
; Slack  ; Actual Width ; Required Width ; Type      ; Clock               ; Clock Edge ; Target              ;
+--------+--------------+----------------+-----------+---------------------+------------+---------------------+
; 97.531 ; 100.000      ; 2.469          ; Port Rate ; altera_reserved_tck ; Rise       ; altera_reserved_tck ;
+--------+--------------+----------------+-----------+---------------------+------------+---------------------+


+----------------------------------------------------+
; Propagation Delay                                  ;
+------------+-------------+-------+----+----+-------+
; Input Port ; Output Port ; RR    ; RF ; FR ; FF    ;
+------------+-------------+-------+----+----+-------+
; CLOCK_50   ; DRAM_CLK    ; 1.344 ;    ;    ; 1.344 ;
+------------+-------------+-------+----+----+-------+


+----------------------------------------------------+
; Minimum Propagation Delay                          ;
+------------+-------------+-------+----+----+-------+
; Input Port ; Output Port ; RR    ; RF ; FR ; FF    ;
+------------+-------------+-------+----+----+-------+
; CLOCK_50   ; DRAM_CLK    ; 1.344 ;    ;    ; 1.344 ;
+------------+-------------+-------+----+----+-------+


----------------------------
; Fast Model Setup Summary ;
----------------------------
No paths to report.


---------------------------
; Fast Model Hold Summary ;
---------------------------
No paths to report.


-------------------------------
; Fast Model Recovery Summary ;
-------------------------------
No paths to report.


------------------------------
; Fast Model Removal Summary ;
------------------------------
No paths to report.


+----------------------------------------------+
; Fast Model Minimum Pulse Width Summary       ;
+---------------------+--------+---------------+
; Clock               ; Slack  ; End Point TNS ;
+---------------------+--------+---------------+
; altera_reserved_tck ; 97.778 ; 0.000         ;
+---------------------+--------+---------------+


+-------------------------------------------------------------------------------------------------------------+
; Fast Model Minimum Pulse Width: 'altera_reserved_tck'                                                       ;
+--------+--------------+----------------+-----------+---------------------+------------+---------------------+
; Slack  ; Actual Width ; Required Width ; Type      ; Clock               ; Clock Edge ; Target              ;
+--------+--------------+----------------+-----------+---------------------+------------+---------------------+
; 97.778 ; 100.000      ; 2.222          ; Port Rate ; altera_reserved_tck ; Rise       ; altera_reserved_tck ;
+--------+--------------+----------------+-----------+---------------------+------------+---------------------+


+----------------------------------------------------+
; Propagation Delay                                  ;
+------------+-------------+-------+----+----+-------+
; Input Port ; Output Port ; RR    ; RF ; FR ; FF    ;
+------------+-------------+-------+----+----+-------+
; CLOCK_50   ; DRAM_CLK    ; 0.131 ;    ;    ; 0.131 ;
+------------+-------------+-------+----+----+-------+


+----------------------------------------------------+
; Minimum Propagation Delay                          ;
+------------+-------------+-------+----+----+-------+
; Input Port ; Output Port ; RR    ; RF ; FR ; FF    ;
+------------+-------------+-------+----+----+-------+
; CLOCK_50   ; DRAM_CLK    ; 0.131 ;    ;    ; 0.131 ;
+------------+-------------+-------+----+----+-------+


+--------------------------------------------------------------------------------+
; Multicorner Timing Analysis Summary                                            ;
+----------------------+-------+------+----------+---------+---------------------+
; Clock                ; Setup ; Hold ; Recovery ; Removal ; Minimum Pulse Width ;
+----------------------+-------+------+----------+---------+---------------------+
; Worst-case Slack     ; N/A   ; N/A  ; N/A      ; N/A     ; 97.531              ;
;  altera_reserved_tck ; N/A   ; N/A  ; N/A      ; N/A     ; 97.531              ;
; Design-wide TNS      ; 0.0   ; 0.0  ; 0.0      ; 0.0     ; 0.0                 ;
;  altera_reserved_tck ; N/A   ; N/A  ; N/A      ; N/A     ; 0.000               ;
+----------------------+-------+------+----------+---------+---------------------+


+----------------------------------------------------+
; Progagation Delay                                  ;
+------------+-------------+-------+----+----+-------+
; Input Port ; Output Port ; RR    ; RF ; FR ; FF    ;
+------------+-------------+-------+----+----+-------+
; CLOCK_50   ; DRAM_CLK    ; 1.344 ;    ;    ; 1.344 ;
+------------+-------------+-------+----+----+-------+


+----------------------------------------------------+
; Minimum Progagation Delay                          ;
+------------+-------------+-------+----+----+-------+
; Input Port ; Output Port ; RR    ; RF ; FR ; FF    ;
+------------+-------------+-------+----+----+-------+
; CLOCK_50   ; DRAM_CLK    ; 0.131 ;    ;    ; 0.131 ;
+------------+-------------+-------+----+----+-------+


-------------------
; Clock Transfers ;
-------------------
Nothing to report.


---------------
; Report TCCS ;
---------------
No dedicated SERDES Transmitter circuitry present in device or used in design


---------------
; Report RSKM ;
---------------
No dedicated SERDES Receiver circuitry present in device or used in design


+------------------------------------------------+
; Unconstrained Paths                            ;
+---------------------------------+-------+------+
; Property                        ; Setup ; Hold ;
+---------------------------------+-------+------+
; Illegal Clocks                  ; 0     ; 0    ;
; Unconstrained Clocks            ; 1     ; 1    ;
; Unconstrained Input Ports       ; 17    ; 17   ;
; Unconstrained Input Port Paths  ; 17    ; 17   ;
; Unconstrained Output Ports      ; 78    ; 78   ;
; Unconstrained Output Port Paths ; 94    ; 94   ;
+---------------------------------+-------+------+


+------------------------------------+
; TimeQuest Timing Analyzer Messages ;
+------------------------------------+
Info: *******************************************************************
Info: Running Quartus II 32-bit TimeQuest Timing Analyzer
    Info: Version 12.0 Build 178 05/31/2012 SJ Web Edition
    Info: Copyright (C) 1991-2012 Altera Corporation. All rights reserved.
    Info: Your use of Altera Corporation's design tools, logic functions 
    Info: and other software and tools, and its AMPP partner logic 
    Info: functions, and any output files from any of the foregoing 
    Info: (including device programming or simulation files), and any 
    Info: associated documentation or information are expressly subject 
    Info: to the terms and conditions of the Altera Program License 
    Info: Subscription Agreement, Altera MegaCore Function License 
    Info: Agreement, or other applicable license agreement, including, 
    Info: without limitation, that your use is for the sole purpose of 
    Info: programming logic devices manufactured by Altera and sold by 
    Info: Altera or its authorized distributors.  Please refer to the 
    Info: applicable agreement for further details.
    Info: Processing started: Tue Oct 23 02:36:18 2012
Info: Command: quartus_sta top
Info: qsta_default_script.tcl version: #4
Warning (20028): Parallel compilation is not licensed and has been disabled
Info (21077): Low junction temperature is 0 degrees C
Info (21077): High junction temperature is 85 degrees C
Info (332164): Evaluating HDL-embedded SDC commands
    Info (332165): Entity alt_jtag_atlantic
        Info (332166): set_false_path -from [get_registers {*|alt_jtag_atlantic:*|jupdate}] -to [get_registers {*|alt_jtag_atlantic:*|jupdate1*}] 
        Info (332166): set_false_path -from [get_registers {*|alt_jtag_atlantic:*|rdata[*]}] -to [get_registers {*|alt_jtag_atlantic*|td_shift[*]}]
        Info (332166): set_false_path -from [get_registers {*|alt_jtag_atlantic:*|rdata[*]}] -to [get_registers {*|alt_jtag_atlantic*|td_shift[*]}]
        Info (332166): set_false_path -from [get_registers {*|alt_jtag_atlantic:*|rdata[*]}] -to [get_registers {*|alt_jtag_atlantic*|td_shift[*]}]
        Info (332166): set_false_path -from [get_registers {*|alt_jtag_atlantic:*|rdata[*]}] -to [get_registers {*|alt_jtag_atlantic*|td_shift[*]}]
        Info (332166): set_false_path -from [get_registers {*|alt_jtag_atlantic:*|rdata[*]}] -to [get_registers {*|alt_jtag_atlantic*|td_shift[*]}]
        Info (332166): set_false_path -from [get_registers {*|alt_jtag_atlantic:*|rdata[*]}] -to [get_registers {*|alt_jtag_atlantic*|td_shift[*]}]
        Info (332166): set_false_path -from [get_registers {*|alt_jtag_atlantic:*|rdata[*]}] -to [get_registers {*|alt_jtag_atlantic*|td_shift[*]}]
        Info (332166): set_false_path -from [get_registers {*|alt_jtag_atlantic:*|rdata[*]}] -to [get_registers {*|alt_jtag_atlantic*|td_shift[*]}]
        Info (332166): set_false_path -from [get_registers {*|alt_jtag_atlantic:*|read}] -to [get_registers {*|alt_jtag_atlantic:*|read1*}] 
        Info (332166): set_false_path -from [get_registers {*|alt_jtag_atlantic:*|read_req}]
        Info (332166): set_false_path -from [get_registers {*|alt_jtag_atlantic:*|rvalid}] -to [get_registers {*|alt_jtag_atlantic*|td_shift[*]}]
        Info (332166): set_false_path -from [get_registers {*|t_dav}] -to [get_registers {*|alt_jtag_atlantic:*|tck_t_dav}]
        Info (332166): set_false_path -from [get_registers {*|alt_jtag_atlantic:*|user_saw_rvalid}] -to [get_registers {*|alt_jtag_atlantic:*|rvalid0*}]
        Info (332166): set_false_path -from [get_registers {*|alt_jtag_atlantic:*|wdata[*]}] -to [get_registers {*}]
        Info (332166): set_false_path -from [get_registers {*|alt_jtag_atlantic:*|wdata[*]}] -to [get_registers {*}]
        Info (332166): set_false_path -from [get_registers {*|alt_jtag_atlantic:*|wdata[*]}] -to [get_registers {*}]
        Info (332166): set_false_path -from [get_registers {*|alt_jtag_atlantic:*|wdata[*]}] -to [get_registers {*}]
        Info (332166): set_false_path -from [get_registers {*|alt_jtag_atlantic:*|wdata[*]}] -to [get_registers {*}]
        Info (332166): set_false_path -from [get_registers {*|alt_jtag_atlantic:*|wdata[*]}] -to [get_registers {*}]
        Info (332166): set_false_path -from [get_registers {*|alt_jtag_atlantic:*|wdata[*]}] -to [get_registers {*}]
        Info (332166): set_false_path -from [get_registers {*|alt_jtag_atlantic:*|wdata[*]}] -to [get_registers {*}]
        Info (332166): set_false_path -from [get_registers {*|alt_jtag_atlantic:*|write}] -to [get_registers {*|alt_jtag_atlantic:*|write1*}] 
        Info (332166): set_false_path -from [get_registers {*|alt_jtag_atlantic:*|write_stalled}] -to [get_registers {*|alt_jtag_atlantic:*|t_ena*}]
        Info (332166): set_false_path -from [get_registers {*|alt_jtag_atlantic:*|write_stalled}] -to [get_registers {*|alt_jtag_atlantic:*|t_pause*}]
        Info (332166): set_false_path -from [get_registers {*|alt_jtag_atlantic:*|write_valid}]
    Info (332165): Entity altera_avalon_st_clock_crosser
        Info (332166): set_false_path -from [get_registers *altera_avalon_st_clock_crosser:*|in_data_buffer*] -to [get_registers *altera_avalon_st_clock_crosser:*|out_data_buffer*]
        Info (332166): set_false_path -from [get_registers *altera_avalon_st_clock_crosser:*|in_data_buffer*] -to [get_registers *altera_avalon_st_clock_crosser:*|out_data_buffer*]
        Info (332166): set_false_path -from [get_registers *altera_avalon_st_clock_crosser:*|in_data_buffer*] -to [get_registers *altera_avalon_st_clock_crosser:*|out_data_buffer*]
        Info (332166): set_false_path -from [get_registers *altera_avalon_st_clock_crosser:*|in_data_buffer*] -to [get_registers *altera_avalon_st_clock_crosser:*|out_data_buffer*]
        Info (332166): set_false_path -from [get_registers *altera_avalon_st_clock_crosser:*|in_data_buffer*] -to [get_registers *altera_avalon_st_clock_crosser:*|out_data_buffer*]
        Info (332166): set_false_path -from [get_registers *altera_avalon_st_clock_crosser:*|in_data_buffer*] -to [get_registers *altera_avalon_st_clock_crosser:*|out_data_buffer*]
        Info (332166): set_false_path -from [get_registers *altera_avalon_st_clock_crosser:*|in_data_buffer*] -to [get_registers *altera_avalon_st_clock_crosser:*|out_data_buffer*]
        Info (332166): set_false_path -from [get_registers *altera_avalon_st_clock_crosser:*|in_data_buffer*] -to [get_registers *altera_avalon_st_clock_crosser:*|out_data_buffer*]
        Info (332166): set_false_path -from [get_registers *altera_avalon_st_clock_crosser:*|in_data_buffer*] -to [get_registers *altera_avalon_st_clock_crosser:*|out_data_buffer*]
        Info (332166): set_false_path -from [get_registers *altera_avalon_st_clock_crosser:*|in_data_buffer*] -to [get_registers *altera_avalon_st_clock_crosser:*|out_data_buffer*]
        Info (332166): set_false_path -from [get_registers *altera_avalon_st_clock_crosser:*|in_data_buffer*] -to [get_registers *altera_avalon_st_clock_crosser:*|out_data_buffer*]
        Info (332166): set_false_path -from [get_registers *altera_avalon_st_clock_crosser:*|in_data_buffer*] -to [get_registers *altera_avalon_st_clock_crosser:*|out_data_buffer*]
        Info (332166): set_false_path -from [get_registers *altera_avalon_st_clock_crosser:*|in_data_buffer*] -to [get_registers *altera_avalon_st_clock_crosser:*|out_data_buffer*]
        Info (332166): set_false_path -from [get_registers *altera_avalon_st_clock_crosser:*|in_data_buffer*] -to [get_registers *altera_avalon_st_clock_crosser:*|out_data_buffer*]
        Info (332166): set_false_path -from [get_registers *altera_avalon_st_clock_crosser:*|in_data_buffer*] -to [get_registers *altera_avalon_st_clock_crosser:*|out_data_buffer*]
        Info (332166): set_false_path -from [get_registers *altera_avalon_st_clock_crosser:*|in_data_buffer*] -to [get_registers *altera_avalon_st_clock_crosser:*|out_data_buffer*]
        Info (332166): set_false_path -from [get_registers *altera_avalon_st_clock_crosser:*|in_data_buffer*] -to [get_registers *altera_avalon_st_clock_crosser:*|out_data_buffer*]
        Info (332166): set_false_path -from [get_registers *altera_avalon_st_clock_crosser:*|in_data_buffer*] -to [get_registers *altera_avalon_st_clock_crosser:*|out_data_buffer*]
        Info (332166): set_false_path -from [get_registers *altera_avalon_st_clock_crosser:*|in_data_buffer*] -to [get_registers *altera_avalon_st_clock_crosser:*|out_data_buffer*]
        Info (332166): set_false_path -from [get_registers *altera_avalon_st_clock_crosser:*|in_data_buffer*] -to [get_registers *altera_avalon_st_clock_crosser:*|out_data_buffer*]
        Info (332166): set_false_path -from [get_registers *altera_avalon_st_clock_crosser:*|in_data_buffer*] -to [get_registers *altera_avalon_st_clock_crosser:*|out_data_buffer*]
        Info (332166): set_false_path -from [get_registers *altera_avalon_st_clock_crosser:*|in_data_buffer*] -to [get_registers *altera_avalon_st_clock_crosser:*|out_data_buffer*]
        Info (332166): set_false_path -from [get_registers *altera_avalon_st_clock_crosser:*|in_data_buffer*] -to [get_registers *altera_avalon_st_clock_crosser:*|out_data_buffer*]
        Info (332166): set_false_path -from [get_registers *altera_avalon_st_clock_crosser:*|in_data_buffer*] -to [get_registers *altera_avalon_st_clock_crosser:*|out_data_buffer*]
        Info (332166): set_false_path -from [get_registers *altera_avalon_st_clock_crosser:*|in_data_buffer*] -to [get_registers *altera_avalon_st_clock_crosser:*|out_data_buffer*]
        Info (332166): set_false_path -from [get_registers *altera_avalon_st_clock_crosser:*|in_data_buffer*] -to [get_registers *altera_avalon_st_clock_crosser:*|out_data_buffer*]
        Info (332166): set_false_path -from [get_registers *altera_avalon_st_clock_crosser:*|in_data_buffer*] -to [get_registers *altera_avalon_st_clock_crosser:*|out_data_buffer*]
        Info (332166): set_false_path -from [get_registers *altera_avalon_st_clock_crosser:*|in_data_buffer*] -to [get_registers *altera_avalon_st_clock_crosser:*|out_data_buffer*]
        Info (332166): set_false_path -from [get_registers *altera_avalon_st_clock_crosser:*|in_data_buffer*] -to [get_registers *altera_avalon_st_clock_crosser:*|out_data_buffer*]
        Info (332166): set_false_path -from [get_registers *altera_avalon_st_clock_crosser:*|in_data_buffer*] -to [get_registers *altera_avalon_st_clock_crosser:*|out_data_buffer*]
        Info (332166): set_false_path -from [get_registers *altera_avalon_st_clock_crosser:*|in_data_buffer*] -to [get_registers *altera_avalon_st_clock_crosser:*|out_data_buffer*]
        Info (332166): set_false_path -from [get_registers *altera_avalon_st_clock_crosser:*|in_data_buffer*] -to [get_registers *altera_avalon_st_clock_crosser:*|out_data_buffer*]
        Info (332166): set_false_path -from [get_registers *altera_avalon_st_clock_crosser:*|in_data_buffer*] -to [get_registers *altera_avalon_st_clock_crosser:*|out_data_buffer*]
        Info (332166): set_false_path -from [get_registers *altera_avalon_st_clock_crosser:*|in_data_buffer*] -to [get_registers *altera_avalon_st_clock_crosser:*|out_data_buffer*]
        Info (332166): set_false_path -from [get_registers *altera_avalon_st_clock_crosser:*|in_data_buffer*] -to [get_registers *altera_avalon_st_clock_crosser:*|out_data_buffer*]
        Info (332166): set_false_path -from [get_registers *altera_avalon_st_clock_crosser:*|in_data_buffer*] -to [get_registers *altera_avalon_st_clock_crosser:*|out_data_buffer*]
        Info (332166): set_false_path -from [get_registers *altera_avalon_st_clock_crosser:*|in_data_buffer*] -to [get_registers *altera_avalon_st_clock_crosser:*|out_data_buffer*]
        Info (332166): set_false_path -from [get_registers *altera_avalon_st_clock_crosser:*|in_data_buffer*] -to [get_registers *altera_avalon_st_clock_crosser:*|out_data_buffer*]
        Info (332166): set_false_path -from [get_registers *altera_avalon_st_clock_crosser:*|in_data_buffer*] -to [get_registers *altera_avalon_st_clock_crosser:*|out_data_buffer*]
        Info (332166): set_false_path -from [get_registers *altera_avalon_st_clock_crosser:*|in_data_buffer*] -to [get_registers *altera_avalon_st_clock_crosser:*|out_data_buffer*]
        Info (332166): set_false_path -from [get_registers *altera_avalon_st_clock_crosser:*|in_data_buffer*] -to [get_registers *altera_avalon_st_clock_crosser:*|out_data_buffer*]
        Info (332166): set_false_path -from [get_registers *altera_avalon_st_clock_crosser:*|in_data_buffer*] -to [get_registers *altera_avalon_st_clock_crosser:*|out_data_buffer*]
        Info (332166): set_false_path -from [get_registers *altera_avalon_st_clock_crosser:*|in_data_buffer*] -to [get_registers *altera_avalon_st_clock_crosser:*|out_data_buffer*]
        Info (332166): set_false_path -from [get_registers *altera_avalon_st_clock_crosser:*|in_data_buffer*] -to [get_registers *altera_avalon_st_clock_crosser:*|out_data_buffer*]
        Info (332166): set_false_path -from [get_registers *altera_avalon_st_clock_crosser:*|in_data_buffer*] -to [get_registers *altera_avalon_st_clock_crosser:*|out_data_buffer*]
        Info (332166): set_false_path -from [get_registers *altera_avalon_st_clock_crosser:*|in_data_buffer*] -to [get_registers *altera_avalon_st_clock_crosser:*|out_data_buffer*]
        Info (332166): set_false_path -from [get_registers *altera_avalon_st_clock_crosser:*|in_data_buffer*] -to [get_registers *altera_avalon_st_clock_crosser:*|out_data_buffer*]
        Info (332166): set_false_path -from [get_registers *altera_avalon_st_clock_crosser:*|in_data_buffer*] -to [get_registers *altera_avalon_st_clock_crosser:*|out_data_buffer*]
        Info (332166): set_false_path -from [get_registers *altera_avalon_st_clock_crosser:*|in_data_buffer*] -to [get_registers *altera_avalon_st_clock_crosser:*|out_data_buffer*]
        Info (332166): set_false_path -from [get_registers *altera_avalon_st_clock_crosser:*|in_data_buffer*] -to [get_registers *altera_avalon_st_clock_crosser:*|out_data_buffer*]
        Info (332166): set_false_path -from [get_registers *altera_avalon_st_clock_crosser:*|in_data_buffer*] -to [get_registers *altera_avalon_st_clock_crosser:*|out_data_buffer*]
        Info (332166): set_false_path -from [get_registers *altera_avalon_st_clock_crosser:*|in_data_buffer*] -to [get_registers *altera_avalon_st_clock_crosser:*|out_data_buffer*]
        Info (332166): set_false_path -from [get_registers *altera_avalon_st_clock_crosser:*|in_data_buffer*] -to [get_registers *altera_avalon_st_clock_crosser:*|out_data_buffer*]
        Info (332166): set_false_path -from [get_registers *altera_avalon_st_clock_crosser:*|in_data_buffer*] -to [get_registers *altera_avalon_st_clock_crosser:*|out_data_buffer*]
        Info (332166): set_false_path -from [get_registers *altera_avalon_st_clock_crosser:*|in_data_buffer*] -to [get_registers *altera_avalon_st_clock_crosser:*|out_data_buffer*]
        Info (332166): set_false_path -from [get_registers *altera_avalon_st_clock_crosser:*|in_data_buffer*] -to [get_registers *altera_avalon_st_clock_crosser:*|out_data_buffer*]
        Info (332166): set_false_path -from [get_registers *altera_avalon_st_clock_crosser:*|in_data_buffer*] -to [get_registers *altera_avalon_st_clock_crosser:*|out_data_buffer*]
        Info (332166): set_false_path -from [get_registers *altera_avalon_st_clock_crosser:*|in_data_buffer*] -to [get_registers *altera_avalon_st_clock_crosser:*|out_data_buffer*]
        Info (332166): set_false_path -from [get_registers *altera_avalon_st_clock_crosser:*|in_data_buffer*] -to [get_registers *altera_avalon_st_clock_crosser:*|out_data_buffer*]
        Info (332166): set_false_path -from [get_registers *altera_avalon_st_clock_crosser:*|in_data_buffer*] -to [get_registers *altera_avalon_st_clock_crosser:*|out_data_buffer*]
        Info (332166): set_false_path -from [get_registers *altera_avalon_st_clock_crosser:*|in_data_buffer*] -to [get_registers *altera_avalon_st_clock_crosser:*|out_data_buffer*]
        Info (332166): set_false_path -from [get_registers *altera_avalon_st_clock_crosser:*|in_data_buffer*] -to [get_registers *altera_avalon_st_clock_crosser:*|out_data_buffer*]
        Info (332166): set_false_path -from [get_registers *altera_avalon_st_clock_crosser:*|in_data_buffer*] -to [get_registers *altera_avalon_st_clock_crosser:*|out_data_buffer*]
        Info (332166): set_false_path -from [get_registers *altera_avalon_st_clock_crosser:*|in_data_buffer*] -to [get_registers *altera_avalon_st_clock_crosser:*|out_data_buffer*]
        Info (332166): set_false_path -from [get_registers *altera_avalon_st_clock_crosser:*|in_data_buffer*] -to [get_registers *altera_avalon_st_clock_crosser:*|out_data_buffer*]
        Info (332166): set_false_path -from [get_registers *altera_avalon_st_clock_crosser:*|in_data_buffer*] -to [get_registers *altera_avalon_st_clock_crosser:*|out_data_buffer*]
        Info (332166): set_false_path -from [get_registers *altera_avalon_st_clock_crosser:*|in_data_buffer*] -to [get_registers *altera_avalon_st_clock_crosser:*|out_data_buffer*]
        Info (332166): set_false_path -from [get_registers *altera_avalon_st_clock_crosser:*|in_data_buffer*] -to [get_registers *altera_avalon_st_clock_crosser:*|out_data_buffer*]
        Info (332166): set_false_path -from [get_registers *altera_avalon_st_clock_crosser:*|in_data_buffer*] -to [get_registers *altera_avalon_st_clock_crosser:*|out_data_buffer*]
        Info (332166): set_false_path -from [get_registers *altera_avalon_st_clock_crosser:*|in_data_buffer*] -to [get_registers *altera_avalon_st_clock_crosser:*|out_data_buffer*]
        Info (332166): set_false_path -from [get_registers *altera_avalon_st_clock_crosser:*|in_data_buffer*] -to [get_registers *altera_avalon_st_clock_crosser:*|out_data_buffer*]
        Info (332166): set_false_path -from [get_registers *altera_avalon_st_clock_crosser:*|in_data_buffer*] -to [get_registers *altera_avalon_st_clock_crosser:*|out_data_buffer*]
        Info (332166): set_false_path -from [get_registers *altera_avalon_st_clock_crosser:*|in_data_buffer*] -to [get_registers *altera_avalon_st_clock_crosser:*|out_data_buffer*]
        Info (332166): set_false_path -from [get_registers *altera_avalon_st_clock_crosser:*|in_data_buffer*] -to [get_registers *altera_avalon_st_clock_crosser:*|out_data_buffer*]
        Info (332166): set_false_path -from [get_registers *altera_avalon_st_clock_crosser:*|in_data_buffer*] -to [get_registers *altera_avalon_st_clock_crosser:*|out_data_buffer*]
        Info (332166): set_false_path -from [get_registers *altera_avalon_st_clock_crosser:*|in_data_buffer*] -to [get_registers *altera_avalon_st_clock_crosser:*|out_data_buffer*]
        Info (332166): set_false_path -from [get_registers *altera_avalon_st_clock_crosser:*|in_data_buffer*] -to [get_registers *altera_avalon_st_clock_crosser:*|out_data_buffer*]
        Info (332166): set_false_path -from [get_registers *altera_avalon_st_clock_crosser:*|in_data_buffer*] -to [get_registers *altera_avalon_st_clock_crosser:*|out_data_buffer*]
        Info (332166): set_false_path -from [get_registers *altera_avalon_st_clock_crosser:*|in_data_buffer*] -to [get_registers *altera_avalon_st_clock_crosser:*|out_data_buffer*]
        Info (332166): set_false_path -from [get_registers *altera_avalon_st_clock_crosser:*|in_data_buffer*] -to [get_registers *altera_avalon_st_clock_crosser:*|out_data_buffer*]
        Info (332166): set_false_path -from [get_registers *altera_avalon_st_clock_crosser:*|in_data_buffer*] -to [get_registers *altera_avalon_st_clock_crosser:*|out_data_buffer*]
        Info (332166): set_false_path -from [get_registers *altera_avalon_st_clock_crosser:*|in_data_buffer*] -to [get_registers *altera_avalon_st_clock_crosser:*|out_data_buffer*]
        Info (332166): set_false_path -from [get_registers *altera_avalon_st_clock_crosser:*|in_data_buffer*] -to [get_registers *altera_avalon_st_clock_crosser:*|out_data_buffer*]
        Info (332166): set_false_path -from [get_registers *altera_avalon_st_clock_crosser:*|in_data_buffer*] -to [get_registers *altera_avalon_st_clock_crosser:*|out_data_buffer*]
        Info (332166): set_false_path -from [get_registers *altera_avalon_st_clock_crosser:*|in_data_buffer*] -to [get_registers *altera_avalon_st_clock_crosser:*|out_data_buffer*]
        Info (332166): set_false_path -from [get_registers *altera_avalon_st_clock_crosser:*|in_data_buffer*] -to [get_registers *altera_avalon_st_clock_crosser:*|out_data_buffer*]
        Info (332166): set_false_path -from [get_registers *altera_avalon_st_clock_crosser:*|in_data_buffer*] -to [get_registers *altera_avalon_st_clock_crosser:*|out_data_buffer*]
        Info (332166): set_false_path -from [get_registers *altera_avalon_st_clock_crosser:*|in_data_buffer*] -to [get_registers *altera_avalon_st_clock_crosser:*|out_data_buffer*]
        Info (332166): set_false_path -from [get_registers *altera_avalon_st_clock_crosser:*|in_data_buffer*] -to [get_registers *altera_avalon_st_clock_crosser:*|out_data_buffer*]
        Info (332166): set_false_path -from [get_registers *altera_avalon_st_clock_crosser:*|in_data_buffer*] -to [get_registers *altera_avalon_st_clock_crosser:*|out_data_buffer*]
        Info (332166): set_false_path -from [get_registers *altera_avalon_st_clock_crosser:*|in_data_buffer*] -to [get_registers *altera_avalon_st_clock_crosser:*|out_data_buffer*]
        Info (332166): set_false_path -from [get_registers *altera_avalon_st_clock_crosser:*|in_data_buffer*] -to [get_registers *altera_avalon_st_clock_crosser:*|out_data_buffer*]
        Info (332166): set_false_path -from [get_registers *altera_avalon_st_clock_crosser:*|in_data_buffer*] -to [get_registers *altera_avalon_st_clock_crosser:*|out_data_buffer*]
        Info (332166): set_false_path -from [get_registers *altera_avalon_st_clock_crosser:*|in_data_buffer*] -to [get_registers *altera_avalon_st_clock_crosser:*|out_data_buffer*]
        Info (332166): set_false_path -from [get_registers *altera_avalon_st_clock_crosser:*|in_data_buffer*] -to [get_registers *altera_avalon_st_clock_crosser:*|out_data_buffer*]
        Info (332166): set_false_path -from [get_registers *altera_avalon_st_clock_crosser:*|in_data_buffer*] -to [get_registers *altera_avalon_st_clock_crosser:*|out_data_buffer*]
        Info (332166): set_false_path -from [get_registers *altera_avalon_st_clock_crosser:*|in_data_buffer*] -to [get_registers *altera_avalon_st_clock_crosser:*|out_data_buffer*]
        Info (332166): set_false_path -from [get_registers *altera_avalon_st_clock_crosser:*|in_data_buffer*] -to [get_registers *altera_avalon_st_clock_crosser:*|out_data_buffer*]
        Info (332166): set_false_path -from [get_registers *altera_avalon_st_clock_crosser:*|in_data_buffer*] -to [get_registers *altera_avalon_st_clock_crosser:*|out_data_buffer*]
        Info (332166): set_false_path -from [get_registers *altera_avalon_st_clock_crosser:*|in_data_buffer*] -to [get_registers *altera_avalon_st_clock_crosser:*|out_data_buffer*]
        Info (332166): set_false_path -from [get_registers *altera_avalon_st_clock_crosser:*|in_data_buffer*] -to [get_registers *altera_avalon_st_clock_crosser:*|out_data_buffer*]
        Info (332166): set_false_path -from [get_registers *altera_avalon_st_clock_crosser:*|in_data_buffer*] -to [get_registers *altera_avalon_st_clock_crosser:*|out_data_buffer*]
        Info (332166): set_false_path -from [get_registers *altera_avalon_st_clock_crosser:*|in_data_buffer*] -to [get_registers *altera_avalon_st_clock_crosser:*|out_data_buffer*]
        Info (332166): set_false_path -from [get_registers *altera_avalon_st_clock_crosser:*|in_data_buffer*] -to [get_registers *altera_avalon_st_clock_crosser:*|out_data_buffer*]
        Info (332166): set_false_path -from [get_registers *altera_avalon_st_clock_crosser:*|in_data_buffer*] -to [get_registers *altera_avalon_st_clock_crosser:*|out_data_buffer*]
        Info (332166): set_false_path -from [get_registers *altera_avalon_st_clock_crosser:*|in_data_buffer*] -to [get_registers *altera_avalon_st_clock_crosser:*|out_data_buffer*]
        Info (332166): set_false_path -from [get_registers *altera_avalon_st_clock_crosser:*|in_data_buffer*] -to [get_registers *altera_avalon_st_clock_crosser:*|out_data_buffer*]
        Info (332166): set_false_path -from [get_registers *altera_avalon_st_clock_crosser:*|in_data_buffer*] -to [get_registers *altera_avalon_st_clock_crosser:*|out_data_buffer*]
        Info (332166): set_false_path -from [get_registers *altera_avalon_st_clock_crosser:*|in_data_buffer*] -to [get_registers *altera_avalon_st_clock_crosser:*|out_data_buffer*]
        Info (332166): set_false_path -from [get_registers *altera_avalon_st_clock_crosser:*|in_data_buffer*] -to [get_registers *altera_avalon_st_clock_crosser:*|out_data_buffer*]
        Info (332166): set_false_path -from [get_registers *altera_avalon_st_clock_crosser:*|in_data_buffer*] -to [get_registers *altera_avalon_st_clock_crosser:*|out_data_buffer*]
    Info (332165): Entity altera_std_synchronizer
        Info (332166): set_false_path -to [get_keepers {*altera_std_synchronizer:*|din_s1}]
    Info (332165): Entity sld_hub
        Info (332166): create_clock -period 10MHz -name altera_reserved_tck [get_ports {altera_reserved_tck}]
        Info (332166): set_clock_groups -asynchronous -group {altera_reserved_tck}
Critical Warning (332012): Synopsys Design Constraints File file not found: 'top.sdc'. A Synopsys Design Constraints File is required by the TimeQuest Timing Analyzer to get proper timing constraints. Without it, the Compiler will not properly optimize the design.
Warning (332060): Node: CLOCK_50 was determined to be a clock but was found without an associated clock assignment.
Warning (332056): PLL cross checking found inconsistent PLL clock settings:
    Warning (332056): Node: u0|altpll_0|sd1|pll|clk[0] was found missing 1 generated clock that corresponds to a base clock with a period of: 20.000
    Warning (332056): Node: u0|altpll_0|sd1|pll|clk[1] was found missing 1 generated clock that corresponds to a base clock with a period of: 20.000
    Warning (332056): Node: u0|altpll_0|sd1|pll|clk[2] was found missing 1 generated clock that corresponds to a base clock with a period of: 20.000
Info: Found TIMEQUEST_REPORT_SCRIPT_INCLUDE_DEFAULT_ANALYSIS = ON
Info: Analyzing Slow Model
Info (332140): No fmax paths to report
Info (332140): No Setup paths to report
Info (332140): No Hold paths to report
Info (332140): No Recovery paths to report
Info (332140): No Removal paths to report
Info (332146): Worst-case minimum pulse width slack is 97.531
    Info (332119):     Slack End Point TNS Clock 
    Info (332119): ========= ============= =====================
    Info (332119):    97.531         0.000 altera_reserved_tck 
Info (332001): The selected device family is not supported by the report_metastability command.
Info (332113): Report Minimum Pulse Width: Found 1 results (0 violated).  Worst case slack is 97.531
    Info (332113): Targets: [get_clocks {altera_reserved_tck}]
    Info (332113): -nworst: 1
    Info (332113): -detail: full_path
Info (332113): Path #1: slack is 97.531 
    Info (332113): ===================================================================
    Info (332113): Node             : altera_reserved_tck
    Info (332113): Clock            : altera_reserved_tck
    Info (332113): Type             : Port Rate
    Info (332113): Required Width   :     2.469
    Info (332113): Actual Width     :   100.000
    Info (332113): Slack            :    97.531
    Info (332113): ===================================================================
    Info (332113): 
Info: Analyzing Fast Model
Warning (332060): Node: CLOCK_50 was determined to be a clock but was found without an associated clock assignment.
Warning (332056): PLL cross checking found inconsistent PLL clock settings:
    Warning (332056): Node: u0|altpll_0|sd1|pll|clk[0] was found missing 1 generated clock that corresponds to a base clock with a period of: 20.000
    Warning (332056): Node: u0|altpll_0|sd1|pll|clk[1] was found missing 1 generated clock that corresponds to a base clock with a period of: 20.000
    Warning (332056): Node: u0|altpll_0|sd1|pll|clk[2] was found missing 1 generated clock that corresponds to a base clock with a period of: 20.000
Info (332140): No Setup paths to report
Info (332140): No Hold paths to report
Info (332140): No Recovery paths to report
Info (332140): No Removal paths to report
Info (332146): Worst-case minimum pulse width slack is 97.778
    Info (332119):     Slack End Point TNS Clock 
    Info (332119): ========= ============= =====================
    Info (332119):    97.778         0.000 altera_reserved_tck 
Info (332001): The selected device family is not supported by the report_metastability command.
Info (332113): Report Minimum Pulse Width: Found 1 results (0 violated).  Worst case slack is 97.778
    Info (332113): Targets: [get_clocks {altera_reserved_tck}]
    Info (332113): -nworst: 1
    Info (332113): -detail: full_path
Info (332113): Path #1: slack is 97.778 
    Info (332113): ===================================================================
    Info (332113): Node             : altera_reserved_tck
    Info (332113): Clock            : altera_reserved_tck
    Info (332113): Type             : Port Rate
    Info (332113): Required Width   :     2.222
    Info (332113): Actual Width     :   100.000
    Info (332113): Slack            :    97.778
    Info (332113): ===================================================================
    Info (332113): 
Info (332102): Design is not fully constrained for setup requirements
Info (332102): Design is not fully constrained for hold requirements
Info: Quartus II 32-bit TimeQuest Timing Analyzer was successful. 0 errors, 12 warnings
    Info: Peak virtual memory: 329 megabytes
    Info: Processing ended: Tue Oct 23 02:36:21 2012
    Info: Elapsed time: 00:00:03
    Info: Total CPU time (on all processors): 00:00:03


