Flow report for top
Tue Oct 23 02:36:21 2012
Quartus II 32-bit Version 12.0 Build 178 05/31/2012 SJ Web Edition


---------------------
; Table of Contents ;
---------------------
  1. Legal Notice
  2. Flow Summary
  3. Flow Settings
  4. Flow Non-Default Global Settings
  5. Flow Elapsed Time
  6. Flow OS Summary
  7. Flow Log



----------------
; Legal Notice ;
----------------
Copyright (C) 1991-2012 Altera Corporation
Your use of Altera Corporation's design tools, logic functions 
and other software and tools, and its AMPP partner logic 
functions, and any output files from any of the foregoing 
(including device programming or simulation files), and any 
associated documentation or information are expressly subject 
to the terms and conditions of the Altera Program License 
Subscription Agreement, Altera MegaCore Function License 
Agreement, or other applicable license agreement, including, 
without limitation, that your use is for the sole purpose of 
programming logic devices manufactured by Altera and sold by 
Altera or its authorized distributors.  Please refer to the 
applicable agreement for further details.



+-------------------------------------------------------------------------------+
; Flow Summary                                                                  ;
+------------------------------------+------------------------------------------+
; Flow Status                        ; Successful - Tue Oct 23 02:36:15 2012    ;
; Quartus II 32-bit Version          ; 12.0 Build 178 05/31/2012 SJ Web Edition ;
; Revision Name                      ; top                                      ;
; Top-level Entity Name              ; top                                      ;
; Family                             ; Cyclone II                               ;
; Device                             ; EP2C20F484C7                             ;
; Timing Models                      ; Final                                    ;
; Total logic elements               ; 2,972 / 18,752 ( 16 % )                  ;
;     Total combinational functions  ; 2,361 / 18,752 ( 13 % )                  ;
;     Dedicated logic registers      ; 1,891 / 18,752 ( 10 % )                  ;
; Total registers                    ; 2000                                     ;
; Total pins                         ; 80 / 315 ( 25 % )                        ;
; Total virtual pins                 ; 0                                        ;
; Total memory bits                  ; 44,032 / 239,616 ( 18 % )                ;
; Embedded Multiplier 9-bit elements ; 0 / 52 ( 0 % )                           ;
; Total PLLs                         ; 1 / 4 ( 25 % )                           ;
+------------------------------------+------------------------------------------+


+-----------------------------------------+
; Flow Settings                           ;
+-------------------+---------------------+
; Option            ; Setting             ;
+-------------------+---------------------+
; Start date & time ; 10/23/2012 02:34:16 ;
; Main task         ; Compilation         ;
; Revision Name     ; top                 ;
+-------------------+---------------------+


+-------------------------------------------------------------------------------------------------------------------------------------------------------+
; Flow Non-Default Global Settings                                                                                                                      ;
+---------------------------------------------------+---------------------------------------+--------------------------------+-------------+------------+
; Assignment Name                                   ; Value                                 ; Default Value                  ; Entity Name ; Section Id ;
+---------------------------------------------------+---------------------------------------+--------------------------------+-------------+------------+
; ALWAYS_ENABLE_INPUT_BUFFERS                       ; On                                    ; Off                            ; --          ; --         ;
; COMPILER_SIGNATURE_ID                             ; 143966341241.135097405614782          ; --                             ; --          ; --         ;
; CYCLONEII_OPTIMIZATION_TECHNIQUE                  ; Speed                                 ; Balanced                       ; --          ; --         ;
; FITTER_EFFORT                                     ; Standard Fit                          ; Auto Fit                       ; --          ; --         ;
; FLOW_ENABLE_POWER_ANALYZER                        ; On                                    ; Off                            ; --          ; --         ;
; FMAX_REQUIREMENT                                  ; 50 MHz                                ; --                             ; --          ; --         ;
; IGNORE_CLOCK_SETTINGS                             ; On                                    ; Off                            ; --          ; --         ;
; MAX_CORE_JUNCTION_TEMP                            ; 85                                    ; --                             ; --          ; --         ;
; MIN_CORE_JUNCTION_TEMP                            ; 0                                     ; --                             ; --          ; --         ;
; OPTIMIZE_HOLD_TIMING                              ; All Paths                             ; IO Paths and Minimum TPD Paths ; --          ; --         ;
; PARTITION_COLOR                                   ; 2147039                               ; --                             ; --          ; Top        ;
; PARTITION_FITTER_PRESERVATION_LEVEL               ; PLACEMENT_AND_ROUTING                 ; --                             ; --          ; Top        ;
; PARTITION_NETLIST_TYPE                            ; SOURCE                                ; --                             ; --          ; Top        ;
; PHYSICAL_SYNTHESIS_ASYNCHRONOUS_SIGNAL_PIPELINING ; On                                    ; Off                            ; --          ; --         ;
; PHYSICAL_SYNTHESIS_COMBO_LOGIC                    ; On                                    ; Off                            ; --          ; --         ;
; PHYSICAL_SYNTHESIS_COMBO_LOGIC_FOR_AREA           ; On                                    ; Off                            ; --          ; --         ;
; PHYSICAL_SYNTHESIS_EFFORT                         ; Extra                                 ; Normal                         ; --          ; --         ;
; PHYSICAL_SYNTHESIS_MAP_LOGIC_TO_MEMORY_FOR_AREA   ; On                                    ; Off                            ; --          ; --         ;
; PHYSICAL_SYNTHESIS_REGISTER_DUPLICATION           ; On                                    ; Off                            ; --          ; --         ;
; PHYSICAL_SYNTHESIS_REGISTER_RETIMING              ; On                                    ; Off                            ; --          ; --         ;
; POWER_BOARD_THERMAL_MODEL                         ; None (CONSERVATIVE)                   ; --                             ; --          ; --         ;
; POWER_DEFAULT_INPUT_IO_TOGGLE_RATE                ; 12.5 %                                ; 12.5%                          ; --          ; --         ;
; POWER_PRESET_COOLING_SOLUTION                     ; 23 MM HEAT SINK WITH 200 LFPM AIRFLOW ; --                             ; --          ; --         ;
; POWER_REPORT_POWER_DISSIPATION                    ; On                                    ; Off                            ; --          ; --         ;
; SYNTH_TIMING_DRIVEN_SYNTHESIS                     ; On                                    ; Off                            ; --          ; --         ;
; TIMEQUEST_DO_REPORT_TIMING                        ; On                                    ; Off                            ; --          ; --         ;
+---------------------------------------------------+---------------------------------------+--------------------------------+-------------+------------+


+-------------------------------------------------------------------------------------------------------------------------------+
; Flow Elapsed Time                                                                                                             ;
+---------------------------+--------------+-------------------------+---------------------+------------------------------------+
; Module Name               ; Elapsed Time ; Average Processors Used ; Peak Virtual Memory ; Total CPU Time (on all processors) ;
+---------------------------+--------------+-------------------------+---------------------+------------------------------------+
; Analysis & Synthesis      ; 00:00:41     ; 1.0                     ; --                  ; 00:00:39                           ;
; Fitter                    ; 00:01:01     ; 1.0                     ; --                  ; 00:00:58                           ;
; Assembler                 ; 00:00:04     ; 1.0                     ; --                  ; 00:00:04                           ;
; TimeQuest Timing Analyzer ; 00:00:03     ; 1.0                     ; --                  ; 00:00:03                           ;
; Total                     ; 00:01:49     ; --                      ; --                  ; 00:01:44                           ;
+---------------------------+--------------+-------------------------+---------------------+------------------------------------+


+--------------------------------------------------------------------------------------+
; Flow OS Summary                                                                      ;
+---------------------------+------------------+---------+------------+----------------+
; Module Name               ; Machine Hostname ; OS Name ; OS Version ; Processor type ;
+---------------------------+------------------+---------+------------+----------------+
; Analysis & Synthesis      ; user             ; This is ; This is    ; x86_64         ;
; Fitter                    ; user             ; This is ; This is    ; x86_64         ;
; Assembler                 ; user             ; This is ; This is    ; x86_64         ;
; TimeQuest Timing Analyzer ; user             ; This is ; This is    ; x86_64         ;
+---------------------------+------------------+---------+------------+----------------+


------------
; Flow Log ;
------------
quartus_map --family="Cyclone II" top
quartus_fit --part=EP2C20F484C7 top
quartus_asm top
quartus_sta top



